# JRE version: OpenJDK Runtime Environment (8.0_242-b01) (build 1.8.0_242-release-1644-b01)
# Java VM: OpenJDK 64-Bit Server VM (25.242-b01 mixed mode windows-amd64 compressed oops)
Heap:
 PSYoungGen      total 666624K, used 113641K [0x00000000d5580000, 0x00000000ffe00000, 0x0000000100000000)
  eden space 638464K, 17% used [0x00000000d5580000,0x00000000dc47a758,0x00000000fc500000)
  from space 28160K, 0% used [0x00000000fe280000,0x00000000fe280000,0x00000000ffe00000)
  to   space 29184K, 0% used [0x00000000fc500000,0x00000000fc500000,0x00000000fe180000)
 ParOldGen       total 116736K, used 30190K [0x0000000080000000, 0x0000000087200000, 0x00000000d5580000)
  object space 116736K, 25% used [0x0000000080000000,0x0000000081d7b9c8,0x0000000087200000)
 Metaspace       used 63593K, capacity 66162K, committed 66304K, reserved 1107968K
  class space    used 8086K, capacity 8576K, committed 8704K, reserved 1048576K
GC Heap History (10 events):
Event: 95.370 GC heap before
{Heap before GC invocations=29 (full 2):
 PSYoungGen      total 592384K, used 591405K [0x00000000d5580000, 0x00000000fd100000, 0x0000000100000000)
  eden space 568832K, 100% used [0x00000000d5580000,0x00000000f8100000,0x00000000f8100000)
  from space 23552K, 95% used [0x00000000f9980000,0x00000000faf8b4a8,0x00000000fb080000)
  to   space 25088K, 0% used [0x00000000f8100000,0x00000000f8100000,0x00000000f9980000)
 ParOldGen       total 96256K, used 23113K [0x0000000080000000, 0x0000000085e00000, 0x00000000d5580000)
  object space 96256K, 24% used [0x0000000080000000,0x0000000081692480,0x0000000085e00000)
 Metaspace       used 51348K, capacity 53468K, committed 53632K, reserved 1095680K
  class space    used 6503K, capacity 6937K, committed 7040K, reserved 1048576K
Event: 95.409 GC heap after
Heap after GC invocations=29 (full 2):
 PSYoungGen      total 593920K, used 17927K [0x00000000d5580000, 0x0000000100000000, 0x0000000100000000)
  eden space 568832K, 0% used [0x00000000d5580000,0x00000000d5580000,0x00000000f8100000)
  from space 25088K, 71% used [0x00000000f8100000,0x00000000f9281db8,0x00000000f9980000)
  to   space 30208K, 0% used [0x00000000fe280000,0x00000000fe280000,0x0000000100000000)
 ParOldGen       total 96256K, used 24176K [0x0000000080000000, 0x0000000085e00000, 0x00000000d5580000)
  object space 96256K, 25% used [0x0000000080000000,0x000000008179c388,0x0000000085e00000)
 Metaspace       used 51348K, capacity 53468K, committed 53632K, reserved 1095680K
  class space    used 6503K, capacity 6937K, committed 7040K, reserved 1048576K
}
Event: 97.442 GC heap before
{Heap before GC invocations=30 (full 2):
 PSYoungGen      total 593920K, used 586759K [0x00000000d5580000, 0x0000000100000000, 0x0000000100000000)
  eden space 568832K, 100% used [0x00000000d5580000,0x00000000f8100000,0x00000000f8100000)
  from space 25088K, 71% used [0x00000000f8100000,0x00000000f9281db8,0x00000000f9980000)
  to   space 30208K, 0% used [0x00000000fe280000,0x00000000fe280000,0x0000000100000000)
 ParOldGen       total 96256K, used 24176K [0x0000000080000000, 0x0000000085e00000, 0x00000000d5580000)
  object space 96256K, 25% used [0x0000000080000000,0x000000008179c388,0x0000000085e00000)
 Metaspace       used 51351K, capacity 53468K, committed 53632K, reserved 1095680K
  class space    used 6503K, capacity 6937K, committed 7040K, reserved 1048576K
Event: 97.463 GC heap after
Heap after GC invocations=30 (full 2):
 PSYoungGen      total 668672K, used 18042K [0x00000000d5580000, 0x0000000100000000, 0x0000000100000000)
  eden space 638464K, 0% used [0x00000000d5580000,0x00000000d5580000,0x00000000fc500000)
  from space 30208K, 59% used [0x00000000fe280000,0x00000000ff41ebd8,0x0000000100000000)
  to   space 30208K, 0% used [0x00000000fc500000,0x00000000fc500000,0x00000000fe280000)
 ParOldGen       total 96256K, used 24926K [0x0000000080000000, 0x0000000085e00000, 0x00000000d5580000)
  object space 96256K, 25% used [0x0000000080000000,0x0000000081857bc8,0x0000000085e00000)
 Metaspace       used 51351K, capacity 53468K, committed 53632K, reserved 1095680K
  class space    used 6503K, capacity 6937K, committed 7040K, reserved 1048576K
}
Event: 103.703 GC heap before
{Heap before GC invocations=31 (full 2):
 PSYoungGen      total 668672K, used 656506K [0x00000000d5580000, 0x0000000100000000, 0x0000000100000000)
  eden space 638464K, 100% used [0x00000000d5580000,0x00000000fc500000,0x00000000fc500000)
  from space 30208K, 59% used [0x00000000fe280000,0x00000000ff41ebd8,0x0000000100000000)
  to   space 30208K, 0% used [0x00000000fc500000,0x00000000fc500000,0x00000000fe280000)
 ParOldGen       total 96256K, used 24926K [0x0000000080000000, 0x0000000085e00000, 0x00000000d5580000)
  object space 96256K, 25% used [0x0000000080000000,0x0000000081857bc8,0x0000000085e00000)
 Metaspace       used 55007K, capacity 57300K, committed 57600K, reserved 1099776K
  class space    used 6938K, capacity 7411K, committed 7424K, reserved 1048576K
Event: 103.754 GC heap after
Heap after GC invocations=31 (full 2):
 PSYoungGen      total 668672K, used 18511K [0x00000000d5580000, 0x0000000100000000, 0x0000000100000000)
  eden space 638464K, 0% used [0x00000000d5580000,0x00000000d5580000,0x00000000fc500000)
  from space 30208K, 61% used [0x00000000fc500000,0x00000000fd713c10,0x00000000fe280000)
  to   space 30208K, 0% used [0x00000000fe280000,0x00000000fe280000,0x0000000100000000)
 ParOldGen       total 96256K, used 25678K [0x0000000080000000, 0x0000000085e00000, 0x00000000d5580000)
  object space 96256K, 26% used [0x0000000080000000,0x0000000081913bc8,0x0000000085e00000)
 Metaspace       used 55007K, capacity 57300K, committed 57600K, reserved 1099776K
  class space    used 6938K, capacity 7411K, committed 7424K, reserved 1048576K
}
Event: 104.070 GC heap before
{Heap before GC invocations=32 (full 2):
 PSYoungGen      total 668672K, used 39947K [0x00000000d5580000, 0x0000000100000000, 0x0000000100000000)
  eden space 638464K, 3% used [0x00000000d5580000,0x00000000d6a6f0d0,0x00000000fc500000)
  from space 30208K, 61% used [0x00000000fc500000,0x00000000fd713c10,0x00000000fe280000)
  to   space 30208K, 0% used [0x00000000fe280000,0x00000000fe280000,0x0000000100000000)
 ParOldGen       total 96256K, used 25678K [0x0000000080000000, 0x0000000085e00000, 0x00000000d5580000)
  object space 96256K, 26% used [0x0000000080000000,0x0000000081913bc8,0x0000000085e00000)
 Metaspace       used 56757K, capacity 58970K, committed 59136K, reserved 1101824K
  class space    used 7150K, capacity 7604K, committed 7680K, reserved 1048576K
Event: 104.094 GC heap after
Heap after GC invocations=32 (full 2):
 PSYoungGen      total 666624K, used 16273K [0x00000000d5580000, 0x00000000ffe00000, 0x0000000100000000)
  eden space 638464K, 0% used [0x00000000d5580000,0x00000000d5580000,0x00000000fc500000)
  from space 28160K, 57% used [0x00000000fe280000,0x00000000ff2645b8,0x00000000ffe00000)
  to   space 29184K, 0% used [0x00000000fc500000,0x00000000fc500000,0x00000000fe180000)
 ParOldGen       total 96256K, used 26574K [0x0000000080000000, 0x0000000085e00000, 0x00000000d5580000)
  object space 96256K, 27% used [0x0000000080000000,0x00000000819f3bc8,0x0000000085e00000)
 Metaspace       used 56757K, capacity 58970K, committed 59136K, reserved 1101824K
  class space    used 7150K, capacity 7604K, committed 7680K, reserved 1048576K
}
Event: 104.094 GC heap before
{Heap before GC invocations=33 (full 3):
 PSYoungGen      total 666624K, used 16273K [0x00000000d5580000, 0x00000000ffe00000, 0x0000000100000000)
  eden space 638464K, 0% used [0x00000000d5580000,0x00000000d5580000,0x00000000fc500000)
  from space 28160K, 57% used [0x00000000fe280000,0x00000000ff2645b8,0x00000000ffe00000)
  to   space 29184K, 0% used [0x00000000fc500000,0x00000000fc500000,0x00000000fe180000)
 ParOldGen       total 96256K, used 26574K [0x0000000080000000, 0x0000000085e00000, 0x00000000d5580000)
  object space 96256K, 27% used [0x0000000080000000,0x00000000819f3bc8,0x0000000085e00000)
 Metaspace       used 56757K, capacity 58970K, committed 59136K, reserved 1101824K
  class space    used 7150K, capacity 7604K, committed 7680K, reserved 1048576K
Event: 104.767 GC heap after
Heap after GC invocations=33 (full 3):
 PSYoungGen      total 666624K, used 0K [0x00000000d5580000, 0x00000000ffe00000, 0x0000000100000000)
  eden space 638464K, 0% used [0x00000000d5580000,0x00000000d5580000,0x00000000fc500000)
  from space 28160K, 0% used [0x00000000fe280000,0x00000000fe280000,0x00000000ffe00000)
  to   space 29184K, 0% used [0x00000000fc500000,0x00000000fc500000,0x00000000fe180000)
 ParOldGen       total 116736K, used 30190K [0x0000000080000000, 0x0000000087200000, 0x00000000d5580000)
  object space 116736K, 25% used [0x0000000080000000,0x0000000081d7b9c8,0x0000000087200000)
 Metaspace       used 56659K, capacity 58794K, committed 59136K, reserved 1101824K
  class space    used 7121K, capacity 7569K, committed 7680K, reserved 1048576K
}

